<?xml version="1.0" encoding="UTF-8"?>
<testng-results total="1" passed="1" failed="0" skipped="0">
  <reporter-output>
  </reporter-output>
  <suite started-at="2019-04-12T04:43:35Z" name="Default suite" finished-at="2019-04-12T04:43:48Z" duration-ms="12273">
    <groups>
    </groups>
    <test started-at="2019-04-12T04:43:35Z" name="Default test" finished-at="2019-04-12T04:43:48Z" duration-ms="12273">
      <class name="test.LoginTest">
        <test-method signature="TechfiosLoginTest()[pri:0, instance:test.LoginTest@757277dc]" started-at="2019-04-11T23:43:35Z" name="TechfiosLoginTest" finished-at="2019-04-11T23:43:48Z" duration-ms="12258" status="PASS">
          <reporter-output>
          </reporter-output>
        </test-method> <!-- TechfiosLoginTest -->
      </class> <!-- test.LoginTest -->
    </test> <!-- Default test -->
  </suite> <!-- Default suite -->
</testng-results>
